<?xml version="1.0" encoding="UTF-8"?>
<!-- Generated by org.testng.reporters.JUnitReportReporter -->
<testsuite skipped="0" hostname="MININT-5SN9SSQ" name="com.acurian.selenium.tests.OLS.Diabetes_4356A" tests="1" failures="0" timestamp="28 Dec 2017 19:48:06 GMT" time="250.989" errors="0">
  <testcase name="tc003Test" time="250.989" classname="com.acurian.selenium.tests.OLS.Diabetes_4356A"/>
</testsuite> <!-- com.acurian.selenium.tests.OLS.Diabetes_4356A -->
