<?xml version="1.0" encoding="UTF-8"?>
<!-- Generated by org.testng.reporters.JUnitReportReporter -->
<testsuite skipped="0" hostname="MININT-5SN9SSQ" name="com.acurian.selenium.tests.CC.MIG_4356B_Synexus_CC" tests="1" failures="0" timestamp="02 Nov 2017 19:54:47 GMT" time="121.667" errors="0">
  <testcase name="tc001Test" time="121.667" classname="com.acurian.selenium.tests.CC.MIG_4356B_Synexus_CC"/>
</testsuite> <!-- com.acurian.selenium.tests.CC.MIG_4356B_Synexus_CC -->
