<?xml version="1.0" encoding="UTF-8"?>
<!-- Generated by org.testng.reporters.JUnitReportReporter -->
<testsuite skipped="0" hostname="MININT-5SN9SSQ" name="com.acurian.selenium.tests.CC.SUI_3923_CC" tests="1" failures="0" timestamp="14 Nov 2017 17:29:00 GMT" time="138.227" errors="0">
  <testcase name="tc001Test" time="138.227" classname="com.acurian.selenium.tests.CC.SUI_3923_CC"/>
</testsuite> <!-- com.acurian.selenium.tests.CC.SUI_3923_CC -->
