<?xml version="1.0" encoding="UTF-8"?>
<!-- Generated by org.testng.reporters.JUnitReportReporter -->
<testsuite skipped="0" hostname="MININT-5SN9SSQ" name="com.acurian.selenium.tests.CC.Insomnia_3792_CC" tests="1" failures="0" timestamp="10 Nov 2017 21:39:21 GMT" time="59.319" errors="0">
  <testcase name="tc001Test" time="59.319" classname="com.acurian.selenium.tests.CC.Insomnia_3792_CC"/>
</testsuite> <!-- com.acurian.selenium.tests.CC.Insomnia_3792_CC -->
