<?xml version="1.0" encoding="UTF-8"?>
<!-- Generated by org.testng.reporters.JUnitReportReporter -->
<testsuite skipped="0" hostname="MININT-5SN9SSQ" name="com.acurian.selenium.tests.OLS.Insomnia_3792_OLS" tests="1" failures="0" timestamp="10 Nov 2017 21:40:32 GMT" time="140.363" errors="0">
  <testcase name="tc002Test" time="140.363" classname="com.acurian.selenium.tests.OLS.Insomnia_3792_OLS"/>
</testsuite> <!-- com.acurian.selenium.tests.OLS.Insomnia_3792_OLS -->
